<?xml version="1.0" encoding="UTF-8"?>
<!-- Generated by org.testng.reporters.JUnitReportReporter -->
<testsuite hostname="dvtcsdevp-001" failures="0" tests="1" name="testscripts.scenario1.TC_1" time="9.409" errors="0" timestamp="2023-12-04T12:15:50 IST" skipped="0">
  <testcase classname="testscripts.scenario1.TC_1" name="runTC4" time="9.409"/>
</testsuite> <!-- testscripts.scenario1.TC_1 -->
